<?xml version="1.0" encoding="UTF-8"?>
<testsuite name="daleespring.feed.MemoryFeedRepositoryTest" tests="1" skipped="0" failures="0" errors="0" timestamp="2021-12-22T13:32:38" hostname="DESKTOP-O7AT3PB" time="0.054">
  <properties/>
  <testcase name="save()" classname="daleespring.feed.MemoryFeedRepositoryTest" time="0.054"/>
  <system-out><![CDATA[]]></system-out>
  <system-err><![CDATA[]]></system-err>
</testsuite>
